[Header]
Signature=VISE
Version=0001
RemoveInUseFiles=0
RegistryKeyName=POD-Bot 2.5
Product Name=POD-Bot 2.5
[WinNT]
AdminPrivileges=1
[Directories2]
0=c:\full-oyunlar
count=29
1=c:\full-oyunlar\sierra
2=c:\full-oyunlar\sierra\half-life
3=c:\full-oyunlar\sierra\half-life\cstrike
4=c:\full-oyunlar\sierra\half-life\cstrike\PODBot
5=c:\full-oyunlar\sierra\half-life\cstrike\PODBot\WPTDefault
6=c:\full-oyunlar\sierra\half-life\cstrike\PODBot\WPTCS71
7=c:\full-oyunlar\sierra\half-life\cstrike\PODBot\WPTCS6.x
8=c:\full-oyunlar\sierra\half-life\cstrike\PODBot\WPTCS11
9=c:\full-oyunlar\sierra\half-life\cstrike\PODBot\WPTCustom
10=c:\full-oyunlar\sierra\half-life\cstrike\PODBot\Wptcs10
11=c:\full-oyunlar\sierra\half-life\cstrike\PODBot\Docs
12=c:\full-oyunlar\sierra\half-life\cstrike\PODBot\Docs\GFX
13=c:\full-oyunlar\sierra\half-life\cstrike\PODBot\BotChats
14=C:\Users
15=C:\Users\pc
16=C:\Users\pc\AppData
17=C:\Users\pc\AppData\Roaming
18=C:\Users\pc\AppData\Roaming\Microsoft
19=C:\Users\pc\AppData\Roaming\Microsoft\Windows
20=C:\Users\pc\AppData\Roaming\Microsoft\Windows\Start Menu
21=C:\Users\pc\AppData\Roaming\Microsoft\Windows\Start Menu\Programs
22=C:\Users\pc\AppData\Roaming\Microsoft\Windows\Start Menu\Programs\POD-Bot 2.5
23=C:\ProgramData
24=C:\ProgramData\Microsoft
25=C:\ProgramData\Microsoft\Windows
26=C:\ProgramData\Microsoft\Windows\Start Menu
27=C:\ProgramData\Microsoft\Windows\Start Menu\Programs
28=C:\ProgramData\Microsoft\Windows\Start Menu\Programs\POD-Bot 2.5
[Files]
count=115
0=c:\full-oyunlar\sierra\half-life\cstrike\PODBot\WPTDefault\de_cbble.pwf
1=c:\full-oyunlar\sierra\half-life\cstrike\PODBot\WPTDefault\as_tundra.pwf
2=c:\full-oyunlar\sierra\half-life\cstrike\PODBot\WPTDefault\cs_747.pwf
3=c:\full-oyunlar\sierra\half-life\cstrike\PODBot\WPTDefault\cs_arabstreets.pwf
4=c:\full-oyunlar\sierra\half-life\cstrike\PODBot\WPTDefault\cs_docks.pwf
5=c:\full-oyunlar\sierra\half-life\cstrike\PODBot\WPTDefault\de_dust2.pwf
6=c:\full-oyunlar\sierra\half-life\cstrike\PODBot\WPTDefault\cs_estate.pwf
7=c:\full-oyunlar\sierra\half-life\cstrike\PODBot\WPTDefault\cs_office.pwf
8=c:\full-oyunlar\sierra\half-life\cstrike\PODBot\WPTDefault\cs_siege.pwf
9=c:\full-oyunlar\sierra\half-life\cstrike\PODBot\WPTDefault\cs_backalley.pwf
10=c:\full-oyunlar\sierra\half-life\cstrike\PODBot\WPTDefault\de_aztec.pwf
11=c:\full-oyunlar\sierra\half-life\cstrike\PODBot\WPTDefault\de_dust.pwf
12=c:\full-oyunlar\sierra\half-life\cstrike\PODBot\WPTDefault\de_foption.pwf
13=c:\full-oyunlar\sierra\half-life\cstrike\PODBot\WPTDefault\de_nuke.pwf
14=c:\full-oyunlar\sierra\half-life\cstrike\PODBot\WPTDefault\cs_militia.pwf
15=c:\full-oyunlar\sierra\half-life\cstrike\PODBot\WPTDefault\cs_italy.pwf
16=c:\full-oyunlar\sierra\half-life\cstrike\PODBot\WPTDefault\as_oilrig.pwf
17=c:\full-oyunlar\sierra\half-life\cstrike\PODBot\WPTDefault\de_vegas.pwf
18=c:\full-oyunlar\sierra\half-life\cstrike\PODBot\WPTDefault\de_vertigo.pwf
19=c:\full-oyunlar\sierra\half-life\cstrike\PODBot\WPTDefault\de_inferno.pwf
20=c:\full-oyunlar\sierra\half-life\cstrike\PODBot\WPTDefault\de_prodigy.pwf
21=c:\full-oyunlar\sierra\half-life\cstrike\PODBot\WPTDefault\de_train.pwf
22=c:\full-oyunlar\sierra\half-life\cstrike\PODBot\WPTDefault\de_rotterdam.pwf
23=c:\full-oyunlar\sierra\half-life\cstrike\PODBot\WPTDefault\cs_assault.pwf
24=c:\full-oyunlar\sierra\half-life\cstrike\PODBot\WPTDefault\cs_thunder.pwf
25=c:\full-oyunlar\sierra\half-life\cstrike\PODBot\WPTCS71\de_vegas.pwf
26=c:\full-oyunlar\sierra\half-life\cstrike\PODBot\WPTCS71\cs_office.pwf
27=c:\full-oyunlar\sierra\half-life\cstrike\PODBot\WPTCS71\de_village.pwf
28=c:\full-oyunlar\sierra\half-life\cstrike\PODBot\WPTCS71\cs_arabstreets.pwf
29=c:\full-oyunlar\sierra\half-life\cstrike\PODBot\WPTCS71\cs_assault.pwf
30=c:\full-oyunlar\sierra\half-life\cstrike\PODBot\WPTCS71\de_foption.pwf
31=c:\full-oyunlar\sierra\half-life\cstrike\PODBot\WPTCS71\cs_estate.pwf
32=c:\full-oyunlar\sierra\half-life\cstrike\PODBot\WPTCS71\cs_italy.pwf
33=c:\full-oyunlar\sierra\half-life\cstrike\PODBot\WPTCS71\cs_militia.pwf
34=c:\full-oyunlar\sierra\half-life\cstrike\PODBot\WPTCS71\cs_siege.pwf
35=c:\full-oyunlar\sierra\half-life\cstrike\PODBot\WPTCS71\de_aztec.pwf
36=c:\full-oyunlar\sierra\half-life\cstrike\PODBot\WPTCS71\de_cbble.pwf
37=c:\full-oyunlar\sierra\half-life\cstrike\PODBot\WPTCS71\de_dust.pwf
38=c:\full-oyunlar\sierra\half-life\cstrike\PODBot\WPTCS71\de_nuke.pwf
39=c:\full-oyunlar\sierra\half-life\cstrike\PODBot\WPTCS71\de_prodigy.pwf
40=c:\full-oyunlar\sierra\half-life\cstrike\PODBot\WPTCS71\de_train.pwf
41=c:\full-oyunlar\sierra\half-life\cstrike\PODBot\WPTCS71\as_tundra.pwf
42=c:\full-oyunlar\sierra\half-life\cstrike\PODBot\WPTCS6.x\cs_estate.pwf
43=c:\full-oyunlar\sierra\half-life\cstrike\PODBot\PodBot.cfg
44=c:\full-oyunlar\sierra\half-life\cstrike\PODBot\WPTCS11\de_dust2.pwf
45=c:\full-oyunlar\sierra\half-life\cstrike\PODBot\WPTCS11\de_rotterdam.pwf
46=c:\full-oyunlar\sierra\half-life\cstrike\PODBot\WPTCS11\de_vertigo.pwf
47=c:\full-oyunlar\sierra\half-life\cstrike\PODBot\WPTCS11\de_inferno.pwf
48=c:\full-oyunlar\sierra\half-life\cstrike\PODBot\WPTCS11\cs_thunder.pwf
49=c:\full-oyunlar\sierra\half-life\cstrike\PODBot\WPTCS11\de_aztec.pwf
50=c:\full-oyunlar\sierra\half-life\cstrike\PODBot\podbot.dll
51=c:\full-oyunlar\sierra\half-life\cstrike\PODBot\BotWeapons.cfg
52=c:\full-oyunlar\sierra\half-life\cstrike\PODBot\WPTCustom\de_village.pwf
53=c:\full-oyunlar\sierra\half-life\cstrike\PODBot\WPTCustom\cs_robbery.pwf
54=c:\full-oyunlar\sierra\half-life\cstrike\PODBot\WPTCustom\cs_rio.pwf
55=c:\full-oyunlar\sierra\half-life\cstrike\PODBot\WPTCustom\cs_cairo.pwf
56=c:\full-oyunlar\sierra\half-life\cstrike\PODBot\WPTCustom\de_rats.pwf
57=c:\full-oyunlar\sierra\half-life\cstrike\PODBot\Wptcs10\de_aztec.pwf
58=c:\full-oyunlar\sierra\half-life\cstrike\PODBot\Wptcs10\cs_siege.pwf
59=c:\full-oyunlar\sierra\half-life\cstrike\PODBot\Wptcs10\de_cbble.pwf
60=c:\full-oyunlar\sierra\half-life\cstrike\PODBot\Wptcs10\cs_assault.pwf
61=c:\full-oyunlar\sierra\half-life\cstrike\PODBot\Wptcs10\cs_arabstreets.pwf
62=c:\full-oyunlar\sierra\half-life\cstrike\PODBot\BotLogos.cfg
63=c:\full-oyunlar\sierra\half-life\cstrike\PODBot\Botskill.cfg
64=c:\full-oyunlar\sierra\half-life\cstrike\PODBot\Docs\FAQ.html
65=c:\full-oyunlar\sierra\half-life\cstrike\PODBot\Docs\WaypointsHowToDo.html
66=c:\full-oyunlar\sierra\half-life\cstrike\PODBot\Docs\readme.html
67=c:\full-oyunlar\sierra\half-life\cstrike\PODBot\Docs\GFX\fade1.jpg
68=c:\full-oyunlar\sierra\half-life\cstrike\PODBot\Docs\GFX\ctimportant.JPG
69=c:\full-oyunlar\sierra\half-life\cstrike\PODBot\Docs\GFX\ladder.JPG
70=c:\full-oyunlar\sierra\half-life\cstrike\PODBot\Docs\GFX\goal.JPG
71=c:\full-oyunlar\sierra\half-life\cstrike\PODBot\Docs\GFX\de_dust0002.JPG
72=c:\full-oyunlar\sierra\half-life\cstrike\PODBot\Docs\GFX\normal.JPG
73=c:\full-oyunlar\sierra\half-life\cstrike\PODBot\Docs\GFX\camp.JPG
74=c:\full-oyunlar\sierra\half-life\cstrike\PODBot\Docs\GFX\mistake1.JPG
75=c:\full-oyunlar\sierra\half-life\cstrike\PODBot\Docs\GFX\rescue.JPG
76=c:\full-oyunlar\sierra\half-life\cstrike\PODBot\Docs\GFX\mistake2.JPG
77=c:\full-oyunlar\sierra\half-life\cstrike\PODBot\Docs\GFX\mistake3.JPG
78=c:\full-oyunlar\sierra\half-life\cstrike\PODBot\Docs\GFX\mistake3_1.JPG
79=c:\full-oyunlar\sierra\half-life\cstrike\PODBot\Docs\GFX\mistake4.JPG
80=c:\full-oyunlar\sierra\half-life\cstrike\PODBot\Docs\GFX\mistake5.JPG
81=c:\full-oyunlar\sierra\half-life\cstrike\PODBot\Docs\GFX\mistake6.JPG
82=c:\full-oyunlar\sierra\half-life\cstrike\PODBot\Docs\GFX\mistake7.JPG
83=c:\full-oyunlar\sierra\half-life\cstrike\PODBot\Docs\GFX\runab0ut2.jpg
84=c:\full-oyunlar\sierra\half-life\cstrike\PODBot\Docs\GFX\jump.JPG
85=c:\full-oyunlar\sierra\half-life\cstrike\PODBot\Docs\GFX\timportant.JPG
86=c:\full-oyunlar\sierra\half-life\cstrike\PODBot\Docs\GFX\2way.JPG
87=c:\full-oyunlar\sierra\half-life\cstrike\PODBot\Docs\GFX\1way.JPG
88=c:\full-oyunlar\sierra\half-life\cstrike\PODBot\BotChats\BotChatTagalog.txt
89=c:\full-oyunlar\sierra\half-life\cstrike\PODBot\BotChats\BotChatDanish.txt
90=c:\full-oyunlar\sierra\half-life\cstrike\PODBot\BotChats\BotChatDutch.txt
91=c:\full-oyunlar\sierra\half-life\cstrike\PODBot\BotChats\BotChatFinnish.txt
92=c:\full-oyunlar\sierra\half-life\cstrike\PODBot\BotChats\BotChatFrench.txt
93=c:\full-oyunlar\sierra\half-life\cstrike\PODBot\BotChats\BotChatGerman.txt
94=c:\full-oyunlar\sierra\half-life\cstrike\PODBot\BotChats\BotChatHungarian.txt
95=c:\full-oyunlar\sierra\half-life\cstrike\PODBot\BotChats\BotChatSpanish.txt
96=c:\full-oyunlar\sierra\half-life\cstrike\PODBot\BotChats\BotChatSwedish.txt
97=c:\full-oyunlar\sierra\half-life\cstrike\PODBot\BotChats\BotChatCzech.txt
98=c:\full-oyunlar\sierra\half-life\cstrike\PODBot\BotChats\README!.txt
99=c:\full-oyunlar\sierra\half-life\cstrike\PODBot\BotChats\BotChatTurkish.txt
100=c:\full-oyunlar\sierra\half-life\cstrike\PODBot\BotChats\BotChatNorwegian.txt
101=c:\full-oyunlar\sierra\half-life\cstrike\PODBot\BotChats\BotChatRussian.txt
102=c:\full-oyunlar\sierra\half-life\cstrike\PODBot\BotChats\BotChatBulgarian.txt
103=c:\full-oyunlar\sierra\half-life\cstrike\PODBot\BotChats\BotChatPolish.txt
104=c:\full-oyunlar\sierra\half-life\cstrike\PODBot\BotChats\BotChatCroatian.txt
105=c:\full-oyunlar\sierra\half-life\cstrike\PODBot\BotChats\BotChatEnglish.txt
106=c:\full-oyunlar\sierra\half-life\cstrike\PODBot\BotChats\BotChatPortuguese.txt
107=c:\full-oyunlar\sierra\half-life\cstrike\PODBot\BotChats\BotChatSerbian.txt
108=c:\full-oyunlar\sierra\half-life\cstrike\PODBot\BotChats\BotchatIndonesian.txt
109=c:\full-oyunlar\sierra\half-life\cstrike\PODBot\BotChats\BotChatIceland.txt
110=c:\full-oyunlar\sierra\half-life\cstrike\PODBot\BotChats\BotChatItalian.txt
111=c:\full-oyunlar\sierra\half-life\cstrike\PODBot\BotChats\BotChatRomanian.txt
112=c:\full-oyunlar\sierra\half-life\cstrike\PODBot\BotChats\README!.txt.bak
113=c:\full-oyunlar\sierra\half-life\cstrike\liblist.gam
114=C:\ProgramData\Microsoft\Windows\Start Menu\Programs\POD-Bot 2.5\Remove POD-Bot 2.5.lnk
[Shortcuts]
0=C:\Users\pc\Desktop\PLAYWI~1.LNK
[Strings]
IDS_STRING1=Are you sure you want to completely remove the selected application and all of its components?
IDS_STRING2=Confirm File Deletion
IDS_STRING3=The system indicates that the following shared file is no longer used by any programs.
IDS_STRING4=Remove Shared File?
IDS_STRING5=Uninstall successfully completed.
IDS_STRING6=Uninstall
IDS_STRING7=If any programs are still using this file and it is removed, those programs may not function. Are you sure you want to remove the shared file?
IDS_STRING8=Uninstall was partially successful.
IDS_ADMINPRIVILEGESNEEDED=Administrative privileges are needed to uninstall this software.
IDS_YES=&Yes
IDS_NO=&No
IDS_YESTOALL=Yes to &All
IDS_REMOVINGFILE=Removing File:
