"blank"				"=========================="
"blank"				"Communication Commands"
"blank"				"=========================="
"+voicerecord"		"Use voice communication"
"+commandmenu"		"Activate in-game GUI"
"messagemode"		"Chat message"
"messagemode2"		"Team message"
"impulse 201"		"Spray logo"
"blank"				"=========================="
"blank"				"Team Fortress Commands"
"blank"				"=========================="
"+attack2"			"Use Special Skill"
"+reload"			"Reload weapon"
"changeclass"		"Change Class"
"changeteam"		"Change Team"
"+gren1"			"Throw First Grenade Type"
"+gren2"			"Throw Second Grenade Type"
"dropitems"			"Drop Flag"
"flaginfo"			"Display Flag Status"
"discard"			"Drop Unneeded Ammo"
"saveme"			"Call for a Medic"
"+det5"				"(Demoman) Set 5 sec Detpack"
"feign"				"(Spy) Feign Death"
"sfeign"			"(Spy) Feign Death Silently"
"blank"				"=========================="
"blank"				"Movement Commands"
"blank"				"=========================="
"+forward"			"Move forward"
"+back"				"Move back"
"+left"				"Turn left"
"+right"			"Turn right"
"+moveleft"			"Move left (strafe)"
"+moveright"		"Move right (strafe)"
"+jump"				"Jump"
"+duck"				"Duck"
"+moveup"			"Swim up"
"+movedown"			"Swim down"
"+lookup"			"Look up"
"+lookdown"			"Look down"
"centerview"		"Look straight ahead"
"+strafe"			"Strafe modifier"
"+mlook"			"Mouse look modifier"
"+klook"			"Keyboard look modifier"
"+speed"     		"Walk"
"+use"				"Use item (buttons, scientists, ...)"
"blank"				"=========================="
"blank"				"Combat Commands"
"blank"				"=========================="
"+attack"			"Primary attack"
"invprev"			"Previous weapon"
"invnext"			"Next weapon"
"lastinv"			"Last used weapon"
"slot1"				"Weapon category 1"
"slot2"				"Weapon category 2"
"slot3" 			"Weapon category 3"
"slot4"				"Weapon category 4"
"slot5"				"Weapon category 5"
"blank"				"=========================="
"blank"				"Miscellaneous"
"blank"				"=========================="
"snapshot"			"Take screen shot"
"+showscores"		"Display multiplayer scores"
"pause"				"Pause game"
"quit"				"Quit game"
