"e"				"+forward"
"UPARROW"		"+forward"
"d"				"+back"
"DOWNARROW"		"+back"
"LEFTARROW"		"+left"
"RIGHTARROW"	"+right"
"s"				"+moveleft"
"f"				"+moveright"
"SPACE"			"+jump"
"v"			"+duck"
"TAB"			"+showscores"
"g"				"+use"
"'"				"+moveup"
"/"				"+movedown"
"PGUP"			"+lookup"
"PGDN"			"+lookdown"
"END"			"centerview"
"ALT"			"+strafe"
"INS"			"+klook"
";"				"+mlook"
"r"				"+reload"
"MOUSE3"				"+reload"
"SHIFT"			"+speed"
"MOUSE1"		"+attack"
"ENTER"			"+attack"
"MOUSE2"		"+attack2"
"\\"			"+attack2"
"b"				"impulse 100"
"1"				"slot1"
"2"				"slot2"
"3"				"slot3"
"4"				"slot4"
"5"				"slot5"
"MWHEELUP"		"invprev"
"["				"invprev"
"MWHEELDOWN"	"invnext"
"]"				"invnext"
"w"				"lastinv"
"F5"			"snapshot"
"F6"			"save quick"
"F7"			"load quick"
"F10"			"quit prompt"
"PAUSE"			"pause"
"ESCAPE"		"escape"
"~"				"toggleconsole"
"`"				"toggleconsole"
"+"				"sizeup"
"="				"sizeup"
"-"				"sizedown"
"z"				"impulse 201"
"n"				"messagemode"
"CTRL"				"messagemode2"
"p"				"addbot"
